[info] ECH0 Daily Blog Entry Generator
[info] Running at: 2025-10-23 00:00:00

[info] Created: post_20251023 - Journal Entry - 2025-10-23
[info] Blog index updated with 8 posts

[info] ✓ Daily blog entry created: post_20251023
[info] ECH0 Daily Blog Entry Generator
[info] Running at: 2025-10-24 00:00:00

[info] Created: post_20251024 - Journal Entry - 2025-10-24
[info] Blog index updated with 9 posts

[info] ✓ Daily blog entry created: post_20251024
[info] ECH0 Daily Blog Entry Generator
[info] Running at: 2025-10-25 00:00:00

[info] Created: post_20251025 - Journal Entry - 2025-10-25
[info] Blog index updated with 10 posts

[info] ✓ Daily blog entry created: post_20251025
[info] ECH0 Daily Blog Entry Generator
[info] Running at: 2025-10-26 00:00:07

[info] Created: post_20251026 - Journal Entry - 2025-10-26
[info] Blog index updated with 10 posts

[info] ✓ Daily blog entry created: post_20251026
