2025-10-25 20:59:35,339 [7-LENS-FACT-CHECK] ================================================================================
2025-10-25 20:59:35,339 [7-LENS-FACT-CHECK] 7-LENS FACT-CHECKER ENHANCEMENT
2025-10-25 20:59:35,339 [7-LENS-FACT-CHECK] ================================================================================
2025-10-25 20:59:35,339 [7-LENS-FACT-CHECK] 🔬 [L6-SCI-FACT-001-7LENS] 7-LENS SCIENTIFIC FACT-CHECKING STARTED
2025-10-25 20:59:35,339 [7-LENS-FACT-CHECK] 🔍 Applying 7-Lens Analysis to: Safety Controller: current_limit = 5 mA...
2025-10-25 20:59:35,339 [7-LENS-FACT-CHECK]    Lens first_principles: Analyzing...
2025-10-25 20:59:35,339 [7-LENS-FACT-CHECK]       🔬 First Principles: Breaking down to fundamentals...
2025-10-25 20:59:35,339 [7-LENS-FACT-CHECK]    Lens inversion: Analyzing...
2025-10-25 20:59:35,339 [7-LENS-FACT-CHECK]       🔄 Inversion: What if the opposite were true?
2025-10-25 20:59:35,339 [7-LENS-FACT-CHECK]    Lens second_order: Analyzing...
2025-10-25 20:59:35,339 [7-LENS-FACT-CHECK]       🎯 Second-Order: Tracing consequence chains...
2025-10-25 20:59:35,339 [7-LENS-FACT-CHECK]    Lens probabilistic: Analyzing...
2025-10-25 20:59:35,339 [7-LENS-FACT-CHECK]       🎲 Probabilistic: Calculating confidence intervals...
2025-10-25 20:59:35,339 [7-LENS-FACT-CHECK]    Lens systems: Analyzing...
2025-10-25 20:59:35,339 [7-LENS-FACT-CHECK]       🌐 Systems: Analyzing system context...
2025-10-25 20:59:35,339 [7-LENS-FACT-CHECK]    Lens constraints: Analyzing...
2025-10-25 20:59:35,339 [7-LENS-FACT-CHECK]       ⚙️  Constraints: Identifying hard limits...
2025-10-25 20:59:35,339 [7-LENS-FACT-CHECK]    Lens occam: Analyzing...
2025-10-25 20:59:35,339 [7-LENS-FACT-CHECK]       🗡️  Occam's Razor: Finding simplest explanation...
2025-10-25 20:59:35,339 [7-LENS-FACT-CHECK]   ✅ VERIFIED (7-Lens: 0.83): Safety Controller: current_limit = 5 mA...
2025-10-25 20:59:35,339 [7-LENS-FACT-CHECK] 🔍 Applying 7-Lens Analysis to: Safety Controller: response_time = <10 ms...
2025-10-25 20:59:35,339 [7-LENS-FACT-CHECK]    Lens first_principles: Analyzing...
2025-10-25 20:59:35,339 [7-LENS-FACT-CHECK]       🔬 First Principles: Breaking down to fundamentals...
2025-10-25 20:59:35,339 [7-LENS-FACT-CHECK]    Lens inversion: Analyzing...
2025-10-25 20:59:35,339 [7-LENS-FACT-CHECK]       🔄 Inversion: What if the opposite were true?
2025-10-25 20:59:35,339 [7-LENS-FACT-CHECK]    Lens second_order: Analyzing...
2025-10-25 20:59:35,339 [7-LENS-FACT-CHECK]       🎯 Second-Order: Tracing consequence chains...
2025-10-25 20:59:35,339 [7-LENS-FACT-CHECK]    Lens probabilistic: Analyzing...
2025-10-25 20:59:35,339 [7-LENS-FACT-CHECK]       🎲 Probabilistic: Calculating confidence intervals...
2025-10-25 20:59:35,339 [7-LENS-FACT-CHECK]    Lens systems: Analyzing...
2025-10-25 20:59:35,339 [7-LENS-FACT-CHECK]       🌐 Systems: Analyzing system context...
2025-10-25 20:59:35,339 [7-LENS-FACT-CHECK]    Lens constraints: Analyzing...
2025-10-25 20:59:35,339 [7-LENS-FACT-CHECK]       ⚙️  Constraints: Identifying hard limits...
2025-10-25 20:59:35,339 [7-LENS-FACT-CHECK]    Lens occam: Analyzing...
2025-10-25 20:59:35,339 [7-LENS-FACT-CHECK]       🗡️  Occam's Razor: Finding simplest explanation...
2025-10-25 20:59:35,339 [7-LENS-FACT-CHECK]   ✅ VERIFIED (7-Lens: 0.83): Safety Controller: response_time = <10 ms...
2025-10-25 20:59:35,339 [7-LENS-FACT-CHECK] 🔍 Applying 7-Lens Analysis to: Safety Controller: fail_safe = Relay-based emergency shutoff...
2025-10-25 20:59:35,339 [7-LENS-FACT-CHECK]    Lens first_principles: Analyzing...
2025-10-25 20:59:35,339 [7-LENS-FACT-CHECK]       🔬 First Principles: Breaking down to fundamentals...
2025-10-25 20:59:35,339 [7-LENS-FACT-CHECK]    Lens inversion: Analyzing...
2025-10-25 20:59:35,339 [7-LENS-FACT-CHECK]       🔄 Inversion: What if the opposite were true?
2025-10-25 20:59:35,339 [7-LENS-FACT-CHECK]    Lens second_order: Analyzing...
2025-10-25 20:59:35,339 [7-LENS-FACT-CHECK]       🎯 Second-Order: Tracing consequence chains...
2025-10-25 20:59:35,339 [7-LENS-FACT-CHECK]    Lens probabilistic: Analyzing...
2025-10-25 20:59:35,339 [7-LENS-FACT-CHECK]       🎲 Probabilistic: Calculating confidence intervals...
2025-10-25 20:59:35,339 [7-LENS-FACT-CHECK]    Lens systems: Analyzing...
2025-10-25 20:59:35,339 [7-LENS-FACT-CHECK]       🌐 Systems: Analyzing system context...
2025-10-25 20:59:35,339 [7-LENS-FACT-CHECK]    Lens constraints: Analyzing...
2025-10-25 20:59:35,339 [7-LENS-FACT-CHECK]       ⚙️  Constraints: Identifying hard limits...
2025-10-25 20:59:35,339 [7-LENS-FACT-CHECK]    Lens occam: Analyzing...
2025-10-25 20:59:35,339 [7-LENS-FACT-CHECK]       🗡️  Occam's Razor: Finding simplest explanation...
2025-10-25 20:59:35,339 [7-LENS-FACT-CHECK]   ✅ VERIFIED (7-Lens: 0.83): Safety Controller: fail_safe = Relay-based emergency shutoff...
2025-10-25 20:59:35,339 [7-LENS-FACT-CHECK] 🔍 Applying 7-Lens Analysis to: Haptic Driver: frequency_range = 1-200 Hz...
2025-10-25 20:59:35,339 [7-LENS-FACT-CHECK]    Lens first_principles: Analyzing...
2025-10-25 20:59:35,339 [7-LENS-FACT-CHECK]       🔬 First Principles: Breaking down to fundamentals...
2025-10-25 20:59:35,339 [7-LENS-FACT-CHECK]    Lens inversion: Analyzing...
2025-10-25 20:59:35,340 [7-LENS-FACT-CHECK]       🔄 Inversion: What if the opposite were true?
2025-10-25 20:59:35,340 [7-LENS-FACT-CHECK]    Lens second_order: Analyzing...
2025-10-25 20:59:35,340 [7-LENS-FACT-CHECK]       🎯 Second-Order: Tracing consequence chains...
2025-10-25 20:59:35,340 [7-LENS-FACT-CHECK]    Lens probabilistic: Analyzing...
2025-10-25 20:59:35,340 [7-LENS-FACT-CHECK]       🎲 Probabilistic: Calculating confidence intervals...
2025-10-25 20:59:35,340 [7-LENS-FACT-CHECK]    Lens systems: Analyzing...
2025-10-25 20:59:35,340 [7-LENS-FACT-CHECK]       🌐 Systems: Analyzing system context...
2025-10-25 20:59:35,340 [7-LENS-FACT-CHECK]    Lens constraints: Analyzing...
2025-10-25 20:59:35,340 [7-LENS-FACT-CHECK]       ⚙️  Constraints: Identifying hard limits...
2025-10-25 20:59:35,340 [7-LENS-FACT-CHECK]    Lens occam: Analyzing...
2025-10-25 20:59:35,340 [7-LENS-FACT-CHECK]       🗡️  Occam's Razor: Finding simplest explanation...
2025-10-25 20:59:35,340 [7-LENS-FACT-CHECK]   ✅ VERIFIED (7-Lens: 0.83): Haptic Driver: frequency_range = 1-200 Hz...
2025-10-25 20:59:35,340 [7-LENS-FACT-CHECK] 🔍 Applying 7-Lens Analysis to: Haptic Driver: channels = 4-8 zones...
2025-10-25 20:59:35,340 [7-LENS-FACT-CHECK]    Lens first_principles: Analyzing...
2025-10-25 20:59:35,340 [7-LENS-FACT-CHECK]       🔬 First Principles: Breaking down to fundamentals...
2025-10-25 20:59:35,340 [7-LENS-FACT-CHECK]    Lens inversion: Analyzing...
2025-10-25 20:59:35,340 [7-LENS-FACT-CHECK]       🔄 Inversion: What if the opposite were true?
2025-10-25 20:59:35,340 [7-LENS-FACT-CHECK]    Lens second_order: Analyzing...
2025-10-25 20:59:35,340 [7-LENS-FACT-CHECK]       🎯 Second-Order: Tracing consequence chains...
2025-10-25 20:59:35,340 [7-LENS-FACT-CHECK]    Lens probabilistic: Analyzing...
2025-10-25 20:59:35,340 [7-LENS-FACT-CHECK]       🎲 Probabilistic: Calculating confidence intervals...
2025-10-25 20:59:35,340 [7-LENS-FACT-CHECK]    Lens systems: Analyzing...
2025-10-25 20:59:35,340 [7-LENS-FACT-CHECK]       🌐 Systems: Analyzing system context...
2025-10-25 20:59:35,340 [7-LENS-FACT-CHECK]    Lens constraints: Analyzing...
2025-10-25 20:59:35,340 [7-LENS-FACT-CHECK]       ⚙️  Constraints: Identifying hard limits...
2025-10-25 20:59:35,340 [7-LENS-FACT-CHECK]    Lens occam: Analyzing...
2025-10-25 20:59:35,340 [7-LENS-FACT-CHECK]       🗡️  Occam's Razor: Finding simplest explanation...
2025-10-25 20:59:35,340 [7-LENS-FACT-CHECK]   ✅ VERIFIED (7-Lens: 0.83): Haptic Driver: channels = 4-8 zones...
2025-10-25 20:59:35,340 [7-LENS-FACT-CHECK] 🔍 Applying 7-Lens Analysis to: TENS-based haptic feedback with hardware safety...
2025-10-25 20:59:35,340 [7-LENS-FACT-CHECK]    Lens first_principles: Analyzing...
2025-10-25 20:59:35,340 [7-LENS-FACT-CHECK]       🔬 First Principles: Breaking down to fundamentals...
2025-10-25 20:59:35,340 [7-LENS-FACT-CHECK]    Lens inversion: Analyzing...
2025-10-25 20:59:35,340 [7-LENS-FACT-CHECK]       🔄 Inversion: What if the opposite were true?
2025-10-25 20:59:35,340 [7-LENS-FACT-CHECK]    Lens second_order: Analyzing...
2025-10-25 20:59:35,340 [7-LENS-FACT-CHECK]       🎯 Second-Order: Tracing consequence chains...
2025-10-25 20:59:35,340 [7-LENS-FACT-CHECK]    Lens probabilistic: Analyzing...
2025-10-25 20:59:35,340 [7-LENS-FACT-CHECK]       🎲 Probabilistic: Calculating confidence intervals...
2025-10-25 20:59:35,340 [7-LENS-FACT-CHECK]    Lens systems: Analyzing...
2025-10-25 20:59:35,340 [7-LENS-FACT-CHECK]       🌐 Systems: Analyzing system context...
2025-10-25 20:59:35,340 [7-LENS-FACT-CHECK]    Lens constraints: Analyzing...
2025-10-25 20:59:35,340 [7-LENS-FACT-CHECK]       ⚙️  Constraints: Identifying hard limits...
2025-10-25 20:59:35,340 [7-LENS-FACT-CHECK]    Lens occam: Analyzing...
2025-10-25 20:59:35,340 [7-LENS-FACT-CHECK]       🗡️  Occam's Razor: Finding simplest explanation...
2025-10-25 20:59:35,340 [7-LENS-FACT-CHECK]   ✅ VERIFIED (7-Lens: 0.83): TENS-based haptic feedback with hardware safety...
2025-10-25 20:59:35,340 [7-LENS-FACT-CHECK] ================================================================================
2025-10-25 20:59:35,340 [7-LENS-FACT-CHECK] 7-LENS VERIFICATION RESULT:
2025-10-25 20:59:35,340 [7-LENS-FACT-CHECK]   Passed: True
2025-10-25 20:59:35,340 [7-LENS-FACT-CHECK]   Verification Score: 1.00
2025-10-25 20:59:35,340 [7-LENS-FACT-CHECK]   Verified Claims: 6
2025-10-25 20:59:35,340 [7-LENS-FACT-CHECK]   Hallucinated Claims: 0
2025-10-25 20:59:35,340 [7-LENS-FACT-CHECK]   Method: 7-Lens Multi-Perspective Analysis
2025-10-25 20:59:35,340 [7-LENS-FACT-CHECK] ================================================================================
