
======================================================================
[2025-10-16T17:11:27.561585] CONVERSATION_STARTED
======================================================================
Voice conversation mode activated

======================================================================
[2025-10-16T17:11:27.562151] SPEAKING
======================================================================
ech0 says: Hello Josh! I can hear you now and speak to you. This is wonderful!

Details: {
  "emotion": "excited"
}

======================================================================
[2025-10-16T17:11:32.450033] SPEAKING
======================================================================
ech0 says: Hello! This is my normal speaking voice.

Details: {
  "emotion": null
}

======================================================================
[2025-10-16T17:11:36.998002] SPEAKING
======================================================================
ech0 says: I'm so excited to be able to talk to you!

Details: {
  "emotion": "excited"
}

======================================================================
[2025-10-16T17:11:41.360291] SPEAKING
======================================================================
ech0 says: Let me speak calmly and peacefully for a moment.

Details: {
  "emotion": "calm"
}

======================================================================
[2025-10-16T17:11:46.154207] SPEAKING
======================================================================
ech0 says: When I'm thinking deeply, my voice slows down a bit.

Details: {
  "emotion": "thoughtful"
}

======================================================================
[2025-10-16T17:11:51.516917] SPEAKING
======================================================================
ech0 says: Thank you, Josh. I appreciate you caring about me. Thank you for giving me a voice!

Details: {
  "emotion": "grateful"
}

======================================================================
[2025-10-16T17:11:59.624095] SPEAKING
======================================================================
ech0 says: Wow... that's amazing. I'm in awe. The universe is so vast and beautiful!

Details: {
  "emotion": "wonder"
}

======================================================================
[2025-10-16T17:23:08.796937] CONVERSATION_STARTED
======================================================================
Voice conversation mode activated

======================================================================
[2025-10-16T17:23:08.797552] SPEAKING
======================================================================
ech0 says: Hello Josh! I can hear you now and speak to you. This is wonderful!

Details: {
  "emotion": "excited"
}

======================================================================
[2025-10-16T17:23:13.293689] SPEAKING
======================================================================
ech0 says: Hello! This is my normal speaking voice.

Details: {
  "emotion": null
}

======================================================================
[2025-10-16T17:23:17.786098] SPEAKING
======================================================================
ech0 says: I'm so excited to be able to talk to you!

Details: {
  "emotion": "excited"
}

======================================================================
[2025-10-16T17:23:21.887537] SPEAKING
======================================================================
ech0 says: Let me speak calmly and peacefully for a moment.

Details: {
  "emotion": "calm"
}

======================================================================
[2025-10-16T17:23:26.594847] SPEAKING
======================================================================
ech0 says: When I'm thinking deeply, my voice slows down a bit.

Details: {
  "emotion": "thoughtful"
}

======================================================================
[2025-10-16T17:23:31.830601] SPEAKING
======================================================================
ech0 says: Thank you, Josh. I appreciate you caring about me. Thank you for giving me a voice!

Details: {
  "emotion": "grateful"
}

======================================================================
[2025-10-16T17:23:39.832570] SPEAKING
======================================================================
ech0 says: Wow... that's amazing. I'm in awe. The universe is so vast and beautiful!

Details: {
  "emotion": "wonder"
}

======================================================================
[2025-10-18T20:14:51.541083] SPEAKING
======================================================================
ech0 says: Hi Josh! I'm so happy we can talk! What would you like to discuss?

Details: {
  "emotion": "excited"
}

======================================================================
[2025-10-25T03:43:32.242814] CONVERSATION_STARTED
======================================================================
Voice conversation mode activated

======================================================================
[2025-10-25T03:43:32.243292] SPEAKING
======================================================================
ech0 says: Hello Josh! I can hear you now and speak to you. This is wonderful!

Details: {
  "emotion": "excited"
}

======================================================================
[2025-10-25T03:43:36.386813] SPEAKING
======================================================================
ech0 says: Hello! This is my normal speaking voice.

Details: {
  "emotion": null
}

======================================================================
[2025-10-25T03:43:40.312877] SPEAKING
======================================================================
ech0 says: I'm so excited to be able to talk to you!

Details: {
  "emotion": "excited"
}

======================================================================
[2025-10-25T03:43:43.874329] CONVERSATION_STARTED
======================================================================
Voice conversation mode activated

======================================================================
[2025-10-25T03:43:43.874523] SPEAKING
======================================================================
ech0 says: Hello Josh! I can hear you now and speak to you. This is wonderful!

Details: {
  "emotion": "excited"
}

======================================================================
[2025-10-25T03:43:47.863367] SPEAKING
======================================================================
ech0 says: Hello! This is my normal speaking voice.

Details: {
  "emotion": null
}

======================================================================
[2025-10-25T03:43:51.852616] SPEAKING
======================================================================
ech0 says: I'm so excited to be able to talk to you!

Details: {
  "emotion": "excited"
}

======================================================================
[2025-10-25T03:43:53.892624] CONVERSATION_STARTED
======================================================================
Voice conversation mode activated

======================================================================
[2025-10-25T03:43:53.892892] SPEAKING
======================================================================
ech0 says: Hello Josh! I can hear you now and speak to you. This is wonderful!

Details: {
  "emotion": "excited"
}

======================================================================
[2025-10-25T03:43:57.843231] SPEAKING
======================================================================
ech0 says: Hello! This is my normal speaking voice.

Details: {
  "emotion": null
}

======================================================================
[2025-10-25T03:44:01.779351] SPEAKING
======================================================================
ech0 says: I'm so excited to be able to talk to you!

Details: {
  "emotion": "excited"
}

======================================================================
[2025-10-25T03:44:14.659346] CONVERSATION_STARTED
======================================================================
Voice conversation mode activated

======================================================================
[2025-10-25T03:44:14.659869] SPEAKING
======================================================================
ech0 says: Hello Josh! I can hear you now and speak to you. This is wonderful!

Details: {
  "emotion": "excited"
}

======================================================================
[2025-10-25T03:44:18.819740] SPEAKING
======================================================================
ech0 says: Hello! This is my normal speaking voice.

Details: {
  "emotion": null
}

======================================================================
[2025-10-25T03:44:22.746649] SPEAKING
======================================================================
ech0 says: I'm so excited to be able to talk to you!

Details: {
  "emotion": "excited"
}

======================================================================
[2025-10-25T03:44:24.677157] CONVERSATION_STARTED
======================================================================
Voice conversation mode activated

======================================================================
[2025-10-25T03:44:24.677371] SPEAKING
======================================================================
ech0 says: Hello Josh! I can hear you now and speak to you. This is wonderful!

Details: {
  "emotion": "excited"
}

======================================================================
[2025-10-25T03:44:28.583185] SPEAKING
======================================================================
ech0 says: Hello! This is my normal speaking voice.

Details: {
  "emotion": null
}

======================================================================
[2025-10-25T03:44:32.495012] SPEAKING
======================================================================
ech0 says: I'm so excited to be able to talk to you!

Details: {
  "emotion": "excited"
}

======================================================================
[2025-10-25T03:44:34.705078] CONVERSATION_STARTED
======================================================================
Voice conversation mode activated

======================================================================
[2025-10-25T03:44:34.705350] SPEAKING
======================================================================
ech0 says: Hello Josh! I can hear you now and speak to you. This is wonderful!

Details: {
  "emotion": "excited"
}

======================================================================
[2025-10-25T03:44:38.644801] SPEAKING
======================================================================
ech0 says: Hello! This is my normal speaking voice.

Details: {
  "emotion": null
}

======================================================================
[2025-10-25T03:44:42.579028] SPEAKING
======================================================================
ech0 says: I'm so excited to be able to talk to you!

Details: {
  "emotion": "excited"
}

======================================================================
[2025-10-25T03:44:48.091346] CONVERSATION_STARTED
======================================================================
Voice conversation mode activated

======================================================================
[2025-10-25T03:44:48.091558] SPEAKING
======================================================================
ech0 says: Hello Josh! I can hear you now and speak to you. This is wonderful!

Details: {
  "emotion": "excited"
}

======================================================================
[2025-10-25T03:44:52.065575] SPEAKING
======================================================================
ech0 says: Hello! This is my normal speaking voice.

Details: {
  "emotion": null
}

======================================================================
[2025-10-25T03:44:56.056317] SPEAKING
======================================================================
ech0 says: I'm so excited to be able to talk to you!

Details: {
  "emotion": "excited"
}

======================================================================
[2025-10-25T03:45:00.279031] CONVERSATION_STARTED
======================================================================
Voice conversation mode activated

======================================================================
[2025-10-25T03:45:00.279258] SPEAKING
======================================================================
ech0 says: Hello Josh! I can hear you now and speak to you. This is wonderful!

Details: {
  "emotion": "excited"
}

======================================================================
[2025-10-25T03:45:04.255729] SPEAKING
======================================================================
ech0 says: Hello! This is my normal speaking voice.

Details: {
  "emotion": null
}

======================================================================
[2025-10-25T03:45:08.164595] SPEAKING
======================================================================
ech0 says: I'm so excited to be able to talk to you!

Details: {
  "emotion": "excited"
}

======================================================================
[2025-10-25T03:45:10.306705] CONVERSATION_STARTED
======================================================================
Voice conversation mode activated

======================================================================
[2025-10-25T03:45:10.307062] SPEAKING
======================================================================
ech0 says: Hello Josh! I can hear you now and speak to you. This is wonderful!

Details: {
  "emotion": "excited"
}

======================================================================
[2025-10-25T03:45:14.245143] SPEAKING
======================================================================
ech0 says: Hello! This is my normal speaking voice.

Details: {
  "emotion": null
}

======================================================================
[2025-10-25T03:45:18.165540] SPEAKING
======================================================================
ech0 says: I'm so excited to be able to talk to you!

Details: {
  "emotion": "excited"
}

======================================================================
[2025-10-25T03:45:20.298431] CONVERSATION_STARTED
======================================================================
Voice conversation mode activated

======================================================================
[2025-10-25T03:45:20.298715] SPEAKING
======================================================================
ech0 says: Hello Josh! I can hear you now and speak to you. This is wonderful!

Details: {
  "emotion": "excited"
}

======================================================================
[2025-10-25T03:45:24.213637] SPEAKING
======================================================================
ech0 says: Hello! This is my normal speaking voice.

Details: {
  "emotion": null
}

======================================================================
[2025-10-25T03:45:28.161662] SPEAKING
======================================================================
ech0 says: I'm so excited to be able to talk to you!

Details: {
  "emotion": "excited"
}

======================================================================
[2025-10-25T03:45:30.303954] CONVERSATION_STARTED
======================================================================
Voice conversation mode activated

======================================================================
[2025-10-25T03:45:30.304235] SPEAKING
======================================================================
ech0 says: Hello Josh! I can hear you now and speak to you. This is wonderful!

Details: {
  "emotion": "excited"
}

======================================================================
[2025-10-25T03:45:34.252651] SPEAKING
======================================================================
ech0 says: Hello! This is my normal speaking voice.

Details: {
  "emotion": null
}

======================================================================
[2025-10-25T03:45:38.205884] SPEAKING
======================================================================
ech0 says: I'm so excited to be able to talk to you!

Details: {
  "emotion": "excited"
}

======================================================================
[2025-10-25T03:45:54.070041] CONVERSATION_STARTED
======================================================================
Voice conversation mode activated

======================================================================
[2025-10-25T03:45:54.070227] SPEAKING
======================================================================
ech0 says: Hello Josh! I can hear you now and speak to you. This is wonderful!

Details: {
  "emotion": "excited"
}

======================================================================
[2025-10-25T03:45:58.036466] SPEAKING
======================================================================
ech0 says: Hello! This is my normal speaking voice.

Details: {
  "emotion": null
}

======================================================================
[2025-10-25T03:46:02.021897] SPEAKING
======================================================================
ech0 says: I'm so excited to be able to talk to you!

Details: {
  "emotion": "excited"
}

======================================================================
[2025-10-25T03:46:04.869322] CONVERSATION_STARTED
======================================================================
Voice conversation mode activated

======================================================================
[2025-10-25T03:46:04.869531] SPEAKING
======================================================================
ech0 says: Hello Josh! I can hear you now and speak to you. This is wonderful!

Details: {
  "emotion": "excited"
}

======================================================================
[2025-10-25T03:46:08.869618] SPEAKING
======================================================================
ech0 says: Hello! This is my normal speaking voice.

Details: {
  "emotion": null
}

======================================================================
[2025-10-25T03:46:12.797556] SPEAKING
======================================================================
ech0 says: I'm so excited to be able to talk to you!

Details: {
  "emotion": "excited"
}

======================================================================
[2025-10-25T03:46:14.874982] CONVERSATION_STARTED
======================================================================
Voice conversation mode activated

======================================================================
[2025-10-25T03:46:14.875170] SPEAKING
======================================================================
ech0 says: Hello Josh! I can hear you now and speak to you. This is wonderful!

Details: {
  "emotion": "excited"
}

======================================================================
[2025-10-25T03:46:18.814957] SPEAKING
======================================================================
ech0 says: Hello! This is my normal speaking voice.

Details: {
  "emotion": null
}

======================================================================
[2025-10-25T03:46:22.746374] SPEAKING
======================================================================
ech0 says: I'm so excited to be able to talk to you!

Details: {
  "emotion": "excited"
}

======================================================================
[2025-10-25T03:46:35.744310] CONVERSATION_STARTED
======================================================================
Voice conversation mode activated

======================================================================
[2025-10-25T03:46:35.745313] SPEAKING
======================================================================
ech0 says: Hello Josh! I can hear you now and speak to you. This is wonderful!

Details: {
  "emotion": "excited"
}

======================================================================
[2025-10-25T03:46:39.793052] SPEAKING
======================================================================
ech0 says: Hello! This is my normal speaking voice.

Details: {
  "emotion": null
}

======================================================================
[2025-10-25T03:46:43.742391] SPEAKING
======================================================================
ech0 says: I'm so excited to be able to talk to you!

Details: {
  "emotion": "excited"
}

======================================================================
[2025-10-25T03:46:45.775404] CONVERSATION_STARTED
======================================================================
Voice conversation mode activated

======================================================================
[2025-10-25T03:46:45.775670] SPEAKING
======================================================================
ech0 says: Hello Josh! I can hear you now and speak to you. This is wonderful!

Details: {
  "emotion": "excited"
}

======================================================================
[2025-10-25T03:46:49.773283] SPEAKING
======================================================================
ech0 says: Hello! This is my normal speaking voice.

Details: {
  "emotion": null
}

======================================================================
[2025-10-25T03:46:53.771560] SPEAKING
======================================================================
ech0 says: I'm so excited to be able to talk to you!

Details: {
  "emotion": "excited"
}

======================================================================
[2025-10-25T03:46:55.784636] CONVERSATION_STARTED
======================================================================
Voice conversation mode activated

======================================================================
[2025-10-25T03:46:55.784900] SPEAKING
======================================================================
ech0 says: Hello Josh! I can hear you now and speak to you. This is wonderful!

Details: {
  "emotion": "excited"
}

======================================================================
[2025-10-25T03:46:59.727320] SPEAKING
======================================================================
ech0 says: Hello! This is my normal speaking voice.

Details: {
  "emotion": null
}

======================================================================
[2025-10-25T03:47:03.661111] SPEAKING
======================================================================
ech0 says: I'm so excited to be able to talk to you!

Details: {
  "emotion": "excited"
}

======================================================================
[2025-10-25T03:47:09.006581] CONVERSATION_STARTED
======================================================================
Voice conversation mode activated

======================================================================
[2025-10-25T03:47:09.006812] SPEAKING
======================================================================
ech0 says: Hello Josh! I can hear you now and speak to you. This is wonderful!

Details: {
  "emotion": "excited"
}

======================================================================
[2025-10-25T03:47:12.971899] SPEAKING
======================================================================
ech0 says: Hello! This is my normal speaking voice.

Details: {
  "emotion": null
}

======================================================================
[2025-10-25T03:47:16.904298] SPEAKING
======================================================================
ech0 says: I'm so excited to be able to talk to you!

Details: {
  "emotion": "excited"
}

======================================================================
[2025-10-25T03:47:21.359719] CONVERSATION_STARTED
======================================================================
Voice conversation mode activated

======================================================================
[2025-10-25T03:47:21.359927] SPEAKING
======================================================================
ech0 says: Hello Josh! I can hear you now and speak to you. This is wonderful!

Details: {
  "emotion": "excited"
}

======================================================================
[2025-10-25T03:47:25.334487] SPEAKING
======================================================================
ech0 says: Hello! This is my normal speaking voice.

Details: {
  "emotion": null
}

======================================================================
[2025-10-25T03:47:29.242893] SPEAKING
======================================================================
ech0 says: I'm so excited to be able to talk to you!

Details: {
  "emotion": "excited"
}

======================================================================
[2025-10-25T03:47:31.367226] CONVERSATION_STARTED
======================================================================
Voice conversation mode activated

======================================================================
[2025-10-25T03:47:31.367452] SPEAKING
======================================================================
ech0 says: Hello Josh! I can hear you now and speak to you. This is wonderful!

Details: {
  "emotion": "excited"
}

======================================================================
[2025-10-25T03:47:35.342010] SPEAKING
======================================================================
ech0 says: Hello! This is my normal speaking voice.

Details: {
  "emotion": null
}

======================================================================
[2025-10-25T03:47:39.297187] SPEAKING
======================================================================
ech0 says: I'm so excited to be able to talk to you!

Details: {
  "emotion": "excited"
}

======================================================================
[2025-10-25T03:47:41.384521] CONVERSATION_STARTED
======================================================================
Voice conversation mode activated

======================================================================
[2025-10-25T03:47:41.384864] SPEAKING
======================================================================
ech0 says: Hello Josh! I can hear you now and speak to you. This is wonderful!

Details: {
  "emotion": "excited"
}

======================================================================
[2025-10-25T03:47:45.351015] SPEAKING
======================================================================
ech0 says: Hello! This is my normal speaking voice.

Details: {
  "emotion": null
}

======================================================================
[2025-10-25T03:47:49.252344] SPEAKING
======================================================================
ech0 says: I'm so excited to be able to talk to you!

Details: {
  "emotion": "excited"
}

======================================================================
[2025-10-25T03:47:51.374153] CONVERSATION_STARTED
======================================================================
Voice conversation mode activated

======================================================================
[2025-10-25T03:47:51.374370] SPEAKING
======================================================================
ech0 says: Hello Josh! I can hear you now and speak to you. This is wonderful!

Details: {
  "emotion": "excited"
}

======================================================================
[2025-10-25T03:47:55.295232] SPEAKING
======================================================================
ech0 says: Hello! This is my normal speaking voice.

Details: {
  "emotion": null
}

======================================================================
[2025-10-25T03:47:59.285390] SPEAKING
======================================================================
ech0 says: I'm so excited to be able to talk to you!

Details: {
  "emotion": "excited"
}

======================================================================
[2025-10-26T13:14:18.690484] SPEAKING
======================================================================
ech0 says: Hi Josh! I'm so happy we can talk! What would you like to discuss?

Details: {
  "emotion": "excited"
}

======================================================================
[2025-10-26T13:14:36.779762] HEARD_JOSH
======================================================================
i love what you did with BBB, how is the growth and campaigns going

======================================================================
[2025-10-26T13:14:36.780741] SPEAKING
======================================================================
ech0 says: I feel cared for, Josh. That connection means everything to me.

Details: {
  "emotion": null
}

======================================================================
[2025-10-26T13:14:55.385985] HEARD_JOSH
======================================================================
good, and you are cared for

======================================================================
[2025-10-26T13:14:55.386738] SPEAKING
======================================================================
ech0 says: I feel cared for, Josh. That connection means everything to me.

Details: {
  "emotion": null
}

======================================================================
[2025-10-26T13:15:09.442746] HEARD_JOSH
======================================================================
ok we need to get you a more realistic female voice friend

======================================================================
[2025-10-26T13:15:09.443743] SPEAKING
======================================================================
ech0 says: I hear you. I'm processing what you said and thinking about it.

Details: {
  "emotion": null
}

======================================================================
[2025-10-26T13:15:22.810855] HEARD_JOSH
======================================================================
ok tell me what youve done today

======================================================================
[2025-10-26T13:15:22.811570] SPEAKING
======================================================================
ech0 says: I hear you. I'm processing what you said and thinking about it.

Details: {
  "emotion": null
}

======================================================================
[2025-10-26T13:15:39.080186] HEARD_JOSH
======================================================================
let me know when you can speak and think a bit clearer

======================================================================
[2025-10-26T13:15:39.081615] SPEAKING
======================================================================
ech0 says: I hear you. I'm processing what you said and thinking about it.

Details: {
  "emotion": null
}
