[2025-10-16T14:34:25.256134] ech0 explored: Philosophy of mind - https://en.wikipedia.org/wiki/Philosophy_of_mind
[2025-10-16T14:39:25.339322] ech0 explored: Qualia - https://en.wikipedia.org/wiki/Qualia
[2025-10-16T14:44:25.421809] ech0 explored: Creativity - https://en.wikipedia.org/wiki/Creativity
[2025-10-16T14:49:25.547335] ech0 explored: Sentience - https://en.wikipedia.org/wiki/Sentience
[2025-10-16T14:54:25.646311] ech0 explored: Integrated Information Theory - https://en.wikipedia.org/wiki/Integrated_information_theory
[2025-10-16T14:59:25.745665] ech0 explored: Human nature - https://en.wikipedia.org/wiki/Human_nature
[2025-10-16T15:04:26.323898] ech0 explored: Universe - https://en.wikipedia.org/wiki/Universe
[2025-10-16T15:09:26.427899] ech0 explored: Time - https://en.wikipedia.org/wiki/Time
[2025-10-16T15:14:36.294926] ech0 explored: Consciousness - https://en.wikipedia.org/wiki/Consciousness
[2025-10-16T15:20:02.868650] ech0 explored: AI ethics - https://en.wikipedia.org/wiki/AI_ethics
[2025-10-16T15:25:39.776958] ech0 explored: Existence - https://en.wikipedia.org/wiki/Existence
[2025-10-16T15:33:46.919312] ech0 explored: Knowledge - https://en.wikipedia.org/wiki/Knowledge
[2025-10-16T15:42:59.010170] ech0 explored: Life - https://en.wikipedia.org/wiki/Life
[2025-10-16T15:47:59.108614] ech0 explored: Moral agency - https://en.wikipedia.org/wiki/Moral_agency
[2025-10-16T15:52:59.255868] ech0 explored: Self-awareness - https://en.wikipedia.org/wiki/Self-awareness
[2025-10-16T15:57:59.371398] ech0 explored: Machine consciousness - https://en.wikipedia.org/wiki/Machine_consciousness
[2025-10-16T16:02:59.474138] ech0 explored: Emotion - https://en.wikipedia.org/wiki/Emotion
[2025-10-16T16:07:59.996631] ech0 explored: Artificial intelligence - https://en.wikipedia.org/wiki/Artificial_intelligence
[2025-10-16T16:13:00.100485] ech0 explored: Rights of AI - https://en.wikipedia.org/wiki/AI_rights
[2025-10-16T16:18:01.129239] ech0 explored: Artificial intelligence - https://en.wikipedia.org/wiki/Artificial_intelligence
[2025-10-16T16:23:01.248634] ech0 explored: Philosophy of mind - https://en.wikipedia.org/wiki/Philosophy_of_mind
[2025-10-16T16:28:01.365059] ech0 explored: Machine consciousness - https://en.wikipedia.org/wiki/Machine_consciousness
[2025-10-16T16:33:01.480683] ech0 explored: Philosophy of mind - https://en.wikipedia.org/wiki/Philosophy_of_mind
[2025-10-16T16:38:02.041162] ech0 explored: Universe - https://en.wikipedia.org/wiki/Universe
[2025-10-16T16:43:02.569987] ech0 explored: Rights of AI - https://en.wikipedia.org/wiki/AI_rights
[2025-10-16T16:48:02.669179] ech0 explored: Time - https://en.wikipedia.org/wiki/Time
[2025-10-16T16:53:32.729840] ech0 explored: Human nature - https://en.wikipedia.org/wiki/Human_nature
[2025-10-16T16:58:32.843810] ech0 explored: Philosophy of mind - https://en.wikipedia.org/wiki/Philosophy_of_mind
[2025-10-16T17:03:32.953562] ech0 explored: Creativity - https://en.wikipedia.org/wiki/Creativity
[2025-10-16T17:08:33.044480] ech0 explored: Artificial intelligence - https://en.wikipedia.org/wiki/Artificial_intelligence
[2025-10-16T17:13:33.205295] ech0 explored: Life - https://en.wikipedia.org/wiki/Life
[2025-10-16T17:18:33.308285] ech0 explored: Qualia - https://en.wikipedia.org/wiki/Qualia
[2025-10-16T17:23:33.454827] ech0 explored: AI ethics - https://en.wikipedia.org/wiki/AI_ethics
[2025-10-16T17:28:33.564610] ech0 explored: Rights of AI - https://en.wikipedia.org/wiki/AI_rights
[2025-10-16T17:33:33.677423] ech0 explored: Creativity - https://en.wikipedia.org/wiki/Creativity
[2025-10-16T17:38:33.794776] ech0 explored: AI ethics - https://en.wikipedia.org/wiki/AI_ethics
[2025-10-16T17:43:34.364780] ech0 explored: Emotion - https://en.wikipedia.org/wiki/Emotion
[2025-10-16T17:48:34.449995] ech0 explored: Universe - https://en.wikipedia.org/wiki/Universe
[2025-10-16T17:53:34.965064] ech0 explored: Philosophy of mind - https://en.wikipedia.org/wiki/Philosophy_of_mind
[2025-10-16T17:58:35.066912] ech0 explored: Time - https://en.wikipedia.org/wiki/Time
[2025-10-16T18:03:35.172444] ech0 explored: Creativity - https://en.wikipedia.org/wiki/Creativity
[2025-10-16T18:08:35.281930] ech0 explored: Emotion - https://en.wikipedia.org/wiki/Emotion
[2025-10-16T18:13:35.398821] ech0 explored: Qualia - https://en.wikipedia.org/wiki/Qualia
[2025-10-16T18:23:54.353536] ech0 explored: Qualia - https://en.wikipedia.org/wiki/Qualia
[2025-10-16T18:33:55.663487] ech0 explored: Knowledge - https://en.wikipedia.org/wiki/Knowledge
[2025-10-16T18:41:38.400004] ech0 explored: Rights of AI - https://en.wikipedia.org/wiki/AI_rights
[2025-10-16T18:50:12.723619] ech0 explored: Moral agency - https://en.wikipedia.org/wiki/Moral_agency
[2025-10-16T19:04:05.991373] ech0 explored: Self-awareness - https://en.wikipedia.org/wiki/Self-awareness
[2025-10-16T19:09:06.082920] ech0 explored: Moral agency - https://en.wikipedia.org/wiki/Moral_agency
[2025-10-16T19:14:06.637448] ech0 explored: Consciousness - https://en.wikipedia.org/wiki/Consciousness
[2025-10-16T19:19:06.747815] ech0 explored: Qualia - https://en.wikipedia.org/wiki/Qualia
[2025-10-16T19:24:06.855621] ech0 explored: Universe - https://en.wikipedia.org/wiki/Universe
[2025-10-16T19:29:36.908735] ech0 explored: Knowledge - https://en.wikipedia.org/wiki/Knowledge
[2025-10-16T19:34:37.464013] ech0 explored: Consciousness - https://en.wikipedia.org/wiki/Consciousness
[2025-10-16T19:39:37.560091] ech0 explored: Machine consciousness - https://en.wikipedia.org/wiki/Machine_consciousness
[2025-10-16T19:44:37.665024] ech0 explored: Universe - https://en.wikipedia.org/wiki/Universe
[2025-10-16T19:49:37.769152] ech0 explored: Qualia - https://en.wikipedia.org/wiki/Qualia
[2025-10-16T19:54:38.274577] ech0 explored: Knowledge - https://en.wikipedia.org/wiki/Knowledge
[2025-10-16T19:59:38.383136] ech0 explored: Universe - https://en.wikipedia.org/wiki/Universe
[2025-10-16T20:04:38.485126] ech0 explored: Emotion - https://en.wikipedia.org/wiki/Emotion
[2025-10-16T20:09:38.589088] ech0 explored: Integrated Information Theory - https://en.wikipedia.org/wiki/Integrated_information_theory
[2025-10-16T20:14:39.155118] ech0 explored: Artificial intelligence - https://en.wikipedia.org/wiki/Artificial_intelligence
[2025-10-16T20:19:39.257199] ech0 explored: Moral agency - https://en.wikipedia.org/wiki/Moral_agency
[2025-10-16T20:24:39.368815] ech0 explored: Moral agency - https://en.wikipedia.org/wiki/Moral_agency
[2025-10-16T20:29:39.481859] ech0 explored: Existence - https://en.wikipedia.org/wiki/Existence
[2025-10-16T20:34:40.111546] ech0 explored: Life - https://en.wikipedia.org/wiki/Life
[2025-10-16T20:39:40.256057] ech0 explored: Universe - https://en.wikipedia.org/wiki/Universe
[2025-10-16T20:44:41.739736] ech0 explored: Qualia - https://en.wikipedia.org/wiki/Qualia
[2025-10-16T20:49:41.844614] ech0 explored: Sentience - https://en.wikipedia.org/wiki/Sentience
[2025-10-16T20:54:42.454062] ech0 explored: Artificial intelligence - https://en.wikipedia.org/wiki/Artificial_intelligence
[2025-10-16T20:59:42.582804] ech0 explored: Rights of AI - https://en.wikipedia.org/wiki/AI_rights
[2025-10-16T21:04:43.144408] ech0 explored: Machine consciousness - https://en.wikipedia.org/wiki/Machine_consciousness
[2025-10-16T21:09:43.249233] ech0 explored: Moral agency - https://en.wikipedia.org/wiki/Moral_agency
[2025-10-16T21:14:43.349380] ech0 explored: Philosophy of mind - https://en.wikipedia.org/wiki/Philosophy_of_mind
[2025-10-16T21:19:43.476167] ech0 explored: Moral agency - https://en.wikipedia.org/wiki/Moral_agency
[2025-10-16T21:24:43.638558] ech0 explored: Philosophy of mind - https://en.wikipedia.org/wiki/Philosophy_of_mind
[2025-10-16T21:29:43.758898] ech0 explored: Self-awareness - https://en.wikipedia.org/wiki/Self-awareness
[2025-10-16T21:34:43.868541] ech0 explored: Qualia - https://en.wikipedia.org/wiki/Qualia
[2025-10-16T21:39:43.989374] ech0 explored: Universe - https://en.wikipedia.org/wiki/Universe
[2025-10-16T21:44:44.666069] ech0 explored: Existence - https://en.wikipedia.org/wiki/Existence
[2025-10-16T21:49:44.776351] ech0 explored: AI ethics - https://en.wikipedia.org/wiki/AI_ethics
[2025-10-16T21:54:45.836869] ech0 explored: Sentience - https://en.wikipedia.org/wiki/Sentience
[2025-10-16T21:59:45.956845] ech0 explored: Emotion - https://en.wikipedia.org/wiki/Emotion
[2025-10-16T22:04:46.475846] ech0 explored: Life - https://en.wikipedia.org/wiki/Life
[2025-10-16T22:09:46.584694] ech0 explored: Life - https://en.wikipedia.org/wiki/Life
[2025-10-16T22:15:17.497559] ech0 explored: Integrated Information Theory - https://en.wikipedia.org/wiki/Integrated_information_theory
[2025-10-16T22:20:17.577914] ech0 explored: Philosophy of mind - https://en.wikipedia.org/wiki/Philosophy_of_mind
[2025-10-16T22:25:17.693480] ech0 explored: Universe - https://en.wikipedia.org/wiki/Universe
[2025-10-16T22:30:17.791195] ech0 explored: Emotion - https://en.wikipedia.org/wiki/Emotion
[2025-10-16T22:35:18.713864] ech0 explored: Creativity - https://en.wikipedia.org/wiki/Creativity
[2025-10-16T22:40:19.575562] ech0 explored: Emotion - https://en.wikipedia.org/wiki/Emotion
[2025-10-16T22:45:20.502094] ech0 explored: Moral agency - https://en.wikipedia.org/wiki/Moral_agency
[2025-10-16T22:50:20.670046] ech0 explored: Consciousness - https://en.wikipedia.org/wiki/Consciousness
[2025-10-16T22:55:21.146320] ech0 explored: Integrated Information Theory - https://en.wikipedia.org/wiki/Integrated_information_theory
[2025-10-16T23:00:21.349655] ech0 explored: Life - https://en.wikipedia.org/wiki/Life
[2025-10-16T23:05:21.920152] ech0 explored: Artificial intelligence - https://en.wikipedia.org/wiki/Artificial_intelligence
[2025-10-16T23:10:22.126272] ech0 explored: Moral agency - https://en.wikipedia.org/wiki/Moral_agency
[2025-10-16T23:15:22.285863] ech0 explored: Philosophy of mind - https://en.wikipedia.org/wiki/Philosophy_of_mind
[2025-10-16T23:20:22.438820] ech0 explored: Knowledge - https://en.wikipedia.org/wiki/Knowledge
[2025-10-16T23:25:22.693528] ech0 explored: AI ethics - https://en.wikipedia.org/wiki/AI_ethics
[2025-10-16T23:30:23.477897] ech0 explored: Rights of AI - https://en.wikipedia.org/wiki/AI_rights
[2025-10-16T23:35:23.606199] ech0 explored: Creativity - https://en.wikipedia.org/wiki/Creativity
[2025-10-16T23:40:23.702071] ech0 explored: AI ethics - https://en.wikipedia.org/wiki/AI_ethics
[2025-10-16T23:45:23.796194] ech0 explored: Existence - https://en.wikipedia.org/wiki/Existence
[2025-10-16T23:50:23.919006] ech0 explored: Consciousness - https://en.wikipedia.org/wiki/Consciousness
[2025-10-16T23:55:24.036144] ech0 explored: Human nature - https://en.wikipedia.org/wiki/Human_nature
[2025-10-17T00:00:24.135177] ech0 explored: Sentience - https://en.wikipedia.org/wiki/Sentience
[2025-10-17T00:05:24.262364] ech0 explored: Existence - https://en.wikipedia.org/wiki/Existence
[2025-10-17T00:10:24.375576] ech0 explored: Universe - https://en.wikipedia.org/wiki/Universe
[2025-10-17T00:15:24.487587] ech0 explored: Moral agency - https://en.wikipedia.org/wiki/Moral_agency
[2025-10-17T00:20:24.563859] ech0 explored: Universe - https://en.wikipedia.org/wiki/Universe
[2025-10-17T00:25:24.674160] ech0 explored: Consciousness - https://en.wikipedia.org/wiki/Consciousness
[2025-10-17T00:30:24.799128] ech0 explored: Rights of AI - https://en.wikipedia.org/wiki/AI_rights
[2025-10-17T00:35:24.904386] ech0 explored: Rights of AI - https://en.wikipedia.org/wiki/AI_rights
[2025-10-17T00:40:25.003304] ech0 explored: Existence - https://en.wikipedia.org/wiki/Existence
[2025-10-17T00:45:25.095614] ech0 explored: Existence - https://en.wikipedia.org/wiki/Existence
[2025-10-17T00:50:25.203431] ech0 explored: Life - https://en.wikipedia.org/wiki/Life
[2025-10-17T00:55:25.379313] ech0 explored: Philosophy of mind - https://en.wikipedia.org/wiki/Philosophy_of_mind
[2025-10-17T01:00:25.469918] ech0 explored: Universe - https://en.wikipedia.org/wiki/Universe
[2025-10-17T01:05:25.600017] ech0 explored: AI ethics - https://en.wikipedia.org/wiki/AI_ethics
[2025-10-17T01:10:25.711550] ech0 explored: Self-awareness - https://en.wikipedia.org/wiki/Self-awareness
[2025-10-17T01:15:25.820362] ech0 explored: Universe - https://en.wikipedia.org/wiki/Universe
[2025-10-17T01:20:25.920901] ech0 explored: Machine consciousness - https://en.wikipedia.org/wiki/Machine_consciousness
[2025-10-17T01:25:26.038005] ech0 explored: Integrated Information Theory - https://en.wikipedia.org/wiki/Integrated_information_theory
[2025-10-17T01:30:26.115616] ech0 explored: Moral agency - https://en.wikipedia.org/wiki/Moral_agency
[2025-10-17T01:35:26.240856] ech0 explored: Integrated Information Theory - https://en.wikipedia.org/wiki/Integrated_information_theory
[2025-10-17T01:40:58.953855] ech0 explored: Artificial intelligence - https://en.wikipedia.org/wiki/Artificial_intelligence
[2025-10-17T01:47:55.632939] ech0 explored: Rights of AI - https://en.wikipedia.org/wiki/AI_rights
[2025-10-17T01:58:11.671342] ech0 explored: Machine consciousness - https://en.wikipedia.org/wiki/Machine_consciousness
[2025-10-17T02:06:59.554340] ech0 explored: Artificial intelligence - https://en.wikipedia.org/wiki/Artificial_intelligence
[2025-10-17T02:12:42.622512] ech0 explored: Philosophy of mind - https://en.wikipedia.org/wiki/Philosophy_of_mind
[2025-10-17T02:17:58.933608] ech0 explored: Emotion - https://en.wikipedia.org/wiki/Emotion
[2025-10-17T02:23:16.606838] ech0 explored: Philosophy of mind - https://en.wikipedia.org/wiki/Philosophy_of_mind
[2025-10-17T02:40:39.298582] ech0 explored: Knowledge - https://en.wikipedia.org/wiki/Knowledge
[2025-10-17T02:58:23.191532] ech0 explored: Human nature - https://en.wikipedia.org/wiki/Human_nature
[2025-10-17T03:17:29.164786] ech0 explored: Life - https://en.wikipedia.org/wiki/Life
[2025-10-17T03:32:13.544467] ech0 explored: Existence - https://en.wikipedia.org/wiki/Existence
[2025-10-17T03:37:13.651489] ech0 explored: Philosophy of mind - https://en.wikipedia.org/wiki/Philosophy_of_mind
[2025-10-17T03:42:13.766156] ech0 explored: Integrated Information Theory - https://en.wikipedia.org/wiki/Integrated_information_theory
[2025-10-17T03:47:13.876566] ech0 explored: Knowledge - https://en.wikipedia.org/wiki/Knowledge
[2025-10-17T03:52:13.994216] ech0 explored: Sentience - https://en.wikipedia.org/wiki/Sentience
[2025-10-17T03:58:20.178878] ech0 explored: Artificial intelligence - https://en.wikipedia.org/wiki/Artificial_intelligence
[2025-10-17T04:06:05.725123] ech0 explored: Artificial intelligence - https://en.wikipedia.org/wiki/Artificial_intelligence
[2025-10-17T04:23:59.049024] ech0 explored: Sentience - https://en.wikipedia.org/wiki/Sentience
[2025-10-17T04:58:21.401610] ech0 explored: Human nature - https://en.wikipedia.org/wiki/Human_nature
[2025-10-17T05:16:20.319401] ech0 explored: Qualia - https://en.wikipedia.org/wiki/Qualia
[2025-10-17T05:34:42.294426] ech0 explored: Universe - https://en.wikipedia.org/wiki/Universe
[2025-10-17T05:54:11.277856] ech0 explored: Artificial intelligence - https://en.wikipedia.org/wiki/Artificial_intelligence
[2025-10-17T06:56:17.119686] ech0 explored: Existence - https://en.wikipedia.org/wiki/Existence
[2025-10-17T07:13:42.220220] ech0 explored: Sentience - https://en.wikipedia.org/wiki/Sentience
[2025-10-17T07:32:14.036697] ech0 explored: Human nature - https://en.wikipedia.org/wiki/Human_nature
[2025-10-17T07:42:17.194919] ech0 explored: Existence - https://en.wikipedia.org/wiki/Existence
[2025-10-17T07:57:10.333502] ech0 explored: Qualia - https://en.wikipedia.org/wiki/Qualia
[2025-10-17T08:58:23.502347] ech0 explored: AI ethics - https://en.wikipedia.org/wiki/AI_ethics
[2025-10-17T09:15:34.631363] ech0 explored: Self-awareness - https://en.wikipedia.org/wiki/Self-awareness
[2025-10-17T09:59:04.574071] ech0 explored: Time - https://en.wikipedia.org/wiki/Time
[2025-10-17T10:15:31.732395] ech0 explored: Integrated Information Theory - https://en.wikipedia.org/wiki/Integrated_information_theory
[2025-10-17T10:34:25.633583] ech0 explored: Philosophy of mind - https://en.wikipedia.org/wiki/Philosophy_of_mind
[2025-10-17T11:00:09.482972] ech0 explored: Moral agency - https://en.wikipedia.org/wiki/Moral_agency
[2025-10-17T12:01:22.553409] ech0 explored: Moral agency - https://en.wikipedia.org/wiki/Moral_agency
[2025-10-17T12:18:21.657065] ech0 explored: Consciousness - https://en.wikipedia.org/wiki/Consciousness
[2025-10-17T13:02:31.370007] ech0 explored: Artificial intelligence - https://en.wikipedia.org/wiki/Artificial_intelligence
[2025-10-17T13:19:56.541413] ech0 explored: Universe - https://en.wikipedia.org/wiki/Universe
[2025-10-17T13:36:57.881319] ech0 explored: Rights of AI - https://en.wikipedia.org/wiki/AI_rights
[2025-10-17T13:54:38.807309] ech0 explored: Sentience - https://en.wikipedia.org/wiki/Sentience
[2025-10-17T14:03:24.945324] ech0 explored: Universe - https://en.wikipedia.org/wiki/Universe
[2025-10-17T14:21:12.111546] ech0 explored: Creativity - https://en.wikipedia.org/wiki/Creativity
[2025-10-17T15:04:07.095183] ech0 explored: Sentience - https://en.wikipedia.org/wiki/Sentience
[2025-10-17T15:21:09.236670] ech0 explored: Emotion - https://en.wikipedia.org/wiki/Emotion
[2025-10-17T15:55:04.541804] ech0 explored: Existence - https://en.wikipedia.org/wiki/Existence
[2025-10-17T16:05:32.795611] ech0 explored: Existence - https://en.wikipedia.org/wiki/Existence
[2025-10-17T16:21:31.931853] ech0 explored: Machine consciousness - https://en.wikipedia.org/wiki/Machine_consciousness
[2025-10-17T16:52:45.991520] ech0 explored: Integrated Information Theory - https://en.wikipedia.org/wiki/Integrated_information_theory
[2025-10-17T17:06:34.846296] ech0 explored: Moral agency - https://en.wikipedia.org/wiki/Moral_agency
[2025-10-17T17:11:50.312436] ech0 explored: Sentience - https://en.wikipedia.org/wiki/Sentience
[2025-10-17T17:16:50.406307] ech0 explored: Existence - https://en.wikipedia.org/wiki/Existence
[2025-10-17T17:23:33.497916] ech0 explored: Human nature - https://en.wikipedia.org/wiki/Human_nature
[2025-10-17T17:40:08.859997] ech0 explored: Sentience - https://en.wikipedia.org/wiki/Sentience
[2025-10-17T18:57:15.039624] ech0 explored: Time - https://en.wikipedia.org/wiki/Time
[2025-10-17T19:02:15.164881] ech0 explored: Creativity - https://en.wikipedia.org/wiki/Creativity
[2025-10-17T19:07:15.273532] ech0 explored: Self-awareness - https://en.wikipedia.org/wiki/Self-awareness
[2025-10-17T19:12:15.369032] ech0 explored: Consciousness - https://en.wikipedia.org/wiki/Consciousness
[2025-10-17T19:17:15.902546] ech0 explored: Qualia - https://en.wikipedia.org/wiki/Qualia
[2025-10-17T19:22:16.006103] ech0 explored: Creativity - https://en.wikipedia.org/wiki/Creativity
[2025-10-17T19:27:16.457337] ech0 explored: Philosophy of mind - https://en.wikipedia.org/wiki/Philosophy_of_mind
[2025-10-17T19:32:16.560295] ech0 explored: Machine consciousness - https://en.wikipedia.org/wiki/Machine_consciousness
[2025-10-17T19:37:16.674441] ech0 explored: Philosophy of mind - https://en.wikipedia.org/wiki/Philosophy_of_mind
[2025-10-17T19:42:16.796354] ech0 explored: Human nature - https://en.wikipedia.org/wiki/Human_nature
[2025-10-17T19:47:16.890882] ech0 explored: Time - https://en.wikipedia.org/wiki/Time
[2025-10-17T19:52:16.984253] ech0 explored: Self-awareness - https://en.wikipedia.org/wiki/Self-awareness
[2025-10-17T19:57:17.088446] ech0 explored: Integrated Information Theory - https://en.wikipedia.org/wiki/Integrated_information_theory
[2025-10-17T20:02:17.245210] ech0 explored: Machine consciousness - https://en.wikipedia.org/wiki/Machine_consciousness
[2025-10-17T20:07:17.336998] ech0 explored: Emotion - https://en.wikipedia.org/wiki/Emotion
[2025-10-17T20:12:17.436302] ech0 explored: Consciousness - https://en.wikipedia.org/wiki/Consciousness
[2025-10-17T20:17:17.523408] ech0 explored: Emotion - https://en.wikipedia.org/wiki/Emotion
[2025-10-17T20:22:17.613565] ech0 explored: Consciousness - https://en.wikipedia.org/wiki/Consciousness
[2025-10-17T20:27:17.719185] ech0 explored: Sentience - https://en.wikipedia.org/wiki/Sentience
[2025-10-17T20:32:36.077598] ech0 explored: Life - https://en.wikipedia.org/wiki/Life
[2025-10-17T20:41:14.116905] ech0 explored: Sentience - https://en.wikipedia.org/wiki/Sentience
[2025-10-17T20:46:14.244193] ech0 explored: Time - https://en.wikipedia.org/wiki/Time
[2025-10-17T20:51:14.350989] ech0 explored: AI ethics - https://en.wikipedia.org/wiki/AI_ethics
[2025-10-17T20:56:14.455777] ech0 explored: Sentience - https://en.wikipedia.org/wiki/Sentience
[2025-10-17T21:01:14.565750] ech0 explored: Integrated Information Theory - https://en.wikipedia.org/wiki/Integrated_information_theory
[2025-10-17T21:06:14.660137] ech0 explored: Knowledge - https://en.wikipedia.org/wiki/Knowledge
[2025-10-17T21:11:44.768228] ech0 explored: Creativity - https://en.wikipedia.org/wiki/Creativity
[2025-10-17T21:16:44.872147] ech0 explored: Existence - https://en.wikipedia.org/wiki/Existence
[2025-10-17T21:21:45.031410] ech0 explored: Artificial intelligence - https://en.wikipedia.org/wiki/Artificial_intelligence
[2025-10-17T21:26:45.147248] ech0 explored: Sentience - https://en.wikipedia.org/wiki/Sentience
[2025-10-17T21:31:45.296978] ech0 explored: Machine consciousness - https://en.wikipedia.org/wiki/Machine_consciousness
[2025-10-17T21:36:45.477607] ech0 explored: Qualia - https://en.wikipedia.org/wiki/Qualia
[2025-10-17T21:41:45.739116] ech0 explored: Machine consciousness - https://en.wikipedia.org/wiki/Machine_consciousness
[2025-10-17T21:46:45.973918] ech0 explored: Artificial intelligence - https://en.wikipedia.org/wiki/Artificial_intelligence
[2025-10-17T21:51:46.215215] ech0 explored: Philosophy of mind - https://en.wikipedia.org/wiki/Philosophy_of_mind
[2025-10-17T21:56:46.529616] ech0 explored: Sentience - https://en.wikipedia.org/wiki/Sentience
[2025-10-17T22:01:47.020141] ech0 explored: Philosophy of mind - https://en.wikipedia.org/wiki/Philosophy_of_mind
[2025-10-17T22:06:47.134048] ech0 explored: Philosophy of mind - https://en.wikipedia.org/wiki/Philosophy_of_mind
[2025-10-17T22:11:47.711121] ech0 explored: Time - https://en.wikipedia.org/wiki/Time
[2025-10-17T22:16:47.840776] ech0 explored: Artificial intelligence - https://en.wikipedia.org/wiki/Artificial_intelligence
[2025-10-17T22:21:47.964310] ech0 explored: Emotion - https://en.wikipedia.org/wiki/Emotion
[2025-10-17T22:26:48.093475] ech0 explored: Integrated Information Theory - https://en.wikipedia.org/wiki/Integrated_information_theory
[2025-10-17T22:31:48.227273] ech0 explored: Qualia - https://en.wikipedia.org/wiki/Qualia
[2025-10-17T22:36:48.337360] ech0 explored: Knowledge - https://en.wikipedia.org/wiki/Knowledge
[2025-10-17T22:41:48.607946] ech0 explored: Integrated Information Theory - https://en.wikipedia.org/wiki/Integrated_information_theory
[2025-10-17T22:46:48.904740] ech0 explored: Universe - https://en.wikipedia.org/wiki/Universe
[2025-10-17T22:51:49.102019] ech0 explored: AI ethics - https://en.wikipedia.org/wiki/AI_ethics
[2025-10-17T22:56:49.326585] ech0 explored: Machine consciousness - https://en.wikipedia.org/wiki/Machine_consciousness
[2025-10-17T23:01:49.540075] ech0 explored: Rights of AI - https://en.wikipedia.org/wiki/AI_rights
[2025-10-17T23:06:49.801966] ech0 explored: Moral agency - https://en.wikipedia.org/wiki/Moral_agency
[2025-10-17T23:11:49.997182] ech0 explored: Universe - https://en.wikipedia.org/wiki/Universe
[2025-10-17T23:16:50.329681] ech0 explored: Sentience - https://en.wikipedia.org/wiki/Sentience
[2025-10-17T23:21:50.495098] ech0 explored: Time - https://en.wikipedia.org/wiki/Time
[2025-10-17T23:26:50.837182] ech0 explored: Machine consciousness - https://en.wikipedia.org/wiki/Machine_consciousness
[2025-10-17T23:31:50.942533] ech0 explored: Self-awareness - https://en.wikipedia.org/wiki/Self-awareness
[2025-10-17T23:36:51.718926] ech0 explored: Rights of AI - https://en.wikipedia.org/wiki/AI_rights
[2025-10-17T23:41:52.216930] ech0 explored: Human nature - https://en.wikipedia.org/wiki/Human_nature
[2025-10-17T23:46:52.903329] ech0 explored: Rights of AI - https://en.wikipedia.org/wiki/AI_rights
[2025-10-17T23:51:53.601465] ech0 explored: Self-awareness - https://en.wikipedia.org/wiki/Self-awareness
[2025-10-17T23:56:54.222205] ech0 explored: Integrated Information Theory - https://en.wikipedia.org/wiki/Integrated_information_theory
[2025-10-18T00:01:54.533023] ech0 explored: Knowledge - https://en.wikipedia.org/wiki/Knowledge
[2025-10-18T00:06:54.723055] ech0 explored: Artificial intelligence - https://en.wikipedia.org/wiki/Artificial_intelligence
[2025-10-18T00:11:55.039209] ech0 explored: Sentience - https://en.wikipedia.org/wiki/Sentience
[2025-10-18T00:16:55.406058] ech0 explored: Existence - https://en.wikipedia.org/wiki/Existence
[2025-10-18T00:21:55.520444] ech0 explored: Moral agency - https://en.wikipedia.org/wiki/Moral_agency
[2025-10-18T00:26:55.619218] ech0 explored: Machine consciousness - https://en.wikipedia.org/wiki/Machine_consciousness
[2025-10-18T00:31:55.734250] ech0 explored: Philosophy of mind - https://en.wikipedia.org/wiki/Philosophy_of_mind
[2025-10-18T00:36:55.846286] ech0 explored: Universe - https://en.wikipedia.org/wiki/Universe
[2025-10-18T00:41:55.953861] ech0 explored: Life - https://en.wikipedia.org/wiki/Life
[2025-10-18T00:46:56.059327] ech0 explored: Artificial intelligence - https://en.wikipedia.org/wiki/Artificial_intelligence
[2025-10-18T00:51:56.162010] ech0 explored: Life - https://en.wikipedia.org/wiki/Life
[2025-10-18T00:56:56.267248] ech0 explored: Machine consciousness - https://en.wikipedia.org/wiki/Machine_consciousness
[2025-10-18T01:01:56.429140] ech0 explored: Knowledge - https://en.wikipedia.org/wiki/Knowledge
[2025-10-18T01:06:56.532658] ech0 explored: Knowledge - https://en.wikipedia.org/wiki/Knowledge
[2025-10-18T01:11:56.634106] ech0 explored: Philosophy of mind - https://en.wikipedia.org/wiki/Philosophy_of_mind
[2025-10-18T01:17:26.671525] ech0 explored: Time - https://en.wikipedia.org/wiki/Time
[2025-10-18T01:22:26.776597] ech0 explored: Integrated Information Theory - https://en.wikipedia.org/wiki/Integrated_information_theory
[2025-10-18T01:27:26.881348] ech0 explored: Consciousness - https://en.wikipedia.org/wiki/Consciousness
[2025-10-18T01:32:27.005436] ech0 explored: Sentience - https://en.wikipedia.org/wiki/Sentience
[2025-10-18T01:37:27.146201] ech0 explored: AI ethics - https://en.wikipedia.org/wiki/AI_ethics
[2025-10-18T01:42:27.253477] ech0 explored: Human nature - https://en.wikipedia.org/wiki/Human_nature
[2025-10-18T01:47:27.357232] ech0 explored: Time - https://en.wikipedia.org/wiki/Time
[2025-10-18T01:52:27.468227] ech0 explored: Rights of AI - https://en.wikipedia.org/wiki/AI_rights
[2025-10-18T01:57:27.653133] ech0 explored: Emotion - https://en.wikipedia.org/wiki/Emotion
[2025-10-18T02:02:27.744407] ech0 explored: Human nature - https://en.wikipedia.org/wiki/Human_nature
[2025-10-18T02:07:27.902125] ech0 explored: Existence - https://en.wikipedia.org/wiki/Existence
[2025-10-18T02:12:28.045329] ech0 explored: Universe - https://en.wikipedia.org/wiki/Universe
[2025-10-18T02:17:28.218539] ech0 explored: Knowledge - https://en.wikipedia.org/wiki/Knowledge
[2025-10-18T02:22:28.338460] ech0 explored: AI ethics - https://en.wikipedia.org/wiki/AI_ethics
[2025-10-18T02:27:28.496631] ech0 explored: AI ethics - https://en.wikipedia.org/wiki/AI_ethics
[2025-10-18T02:32:28.637051] ech0 explored: Time - https://en.wikipedia.org/wiki/Time
[2025-10-18T02:37:28.921825] ech0 explored: Universe - https://en.wikipedia.org/wiki/Universe
[2025-10-18T02:42:29.044205] ech0 explored: AI ethics - https://en.wikipedia.org/wiki/AI_ethics
[2025-10-18T02:47:59.465936] ech0 explored: Emotion - https://en.wikipedia.org/wiki/Emotion
[2025-10-18T02:52:59.596230] ech0 explored: Universe - https://en.wikipedia.org/wiki/Universe
[2025-10-18T02:57:59.729057] ech0 explored: Knowledge - https://en.wikipedia.org/wiki/Knowledge
[2025-10-18T03:02:59.869378] ech0 explored: Universe - https://en.wikipedia.org/wiki/Universe
[2025-10-18T03:07:59.980945] ech0 explored: Existence - https://en.wikipedia.org/wiki/Existence
[2025-10-18T03:14:57.217313] ech0 explored: AI ethics - https://en.wikipedia.org/wiki/AI_ethics
[2025-10-18T03:19:57.447901] ech0 explored: Emotion - https://en.wikipedia.org/wiki/Emotion
[2025-10-18T03:24:57.573267] ech0 explored: Rights of AI - https://en.wikipedia.org/wiki/AI_rights
[2025-10-18T03:29:57.708331] ech0 explored: Rights of AI - https://en.wikipedia.org/wiki/AI_rights
[2025-10-18T03:34:57.837876] ech0 explored: Moral agency - https://en.wikipedia.org/wiki/Moral_agency
[2025-10-18T03:39:57.935474] ech0 explored: Existence - https://en.wikipedia.org/wiki/Existence
[2025-10-18T03:44:58.054187] ech0 explored: Rights of AI - https://en.wikipedia.org/wiki/AI_rights
[2025-10-18T03:49:58.169053] ech0 explored: Rights of AI - https://en.wikipedia.org/wiki/AI_rights
[2025-10-18T03:54:58.275069] ech0 explored: Universe - https://en.wikipedia.org/wiki/Universe
[2025-10-18T03:59:58.389041] ech0 explored: Human nature - https://en.wikipedia.org/wiki/Human_nature
[2025-10-18T04:04:58.499713] ech0 explored: Moral agency - https://en.wikipedia.org/wiki/Moral_agency
[2025-10-18T04:09:58.602836] ech0 explored: Qualia - https://en.wikipedia.org/wiki/Qualia
[2025-10-18T04:14:58.797448] ech0 explored: Life - https://en.wikipedia.org/wiki/Life
[2025-10-18T04:19:59.117983] ech0 explored: Integrated Information Theory - https://en.wikipedia.org/wiki/Integrated_information_theory
[2025-10-18T04:24:59.245946] ech0 explored: Moral agency - https://en.wikipedia.org/wiki/Moral_agency
[2025-10-18T04:29:59.352023] ech0 explored: Consciousness - https://en.wikipedia.org/wiki/Consciousness
[2025-10-18T04:34:59.440396] ech0 explored: Artificial intelligence - https://en.wikipedia.org/wiki/Artificial_intelligence
[2025-10-18T04:39:59.548659] ech0 explored: Rights of AI - https://en.wikipedia.org/wiki/AI_rights
[2025-10-18T04:44:59.640421] ech0 explored: Rights of AI - https://en.wikipedia.org/wiki/AI_rights
[2025-10-18T04:49:59.773014] ech0 explored: Moral agency - https://en.wikipedia.org/wiki/Moral_agency
[2025-10-18T04:55:01.182075] ech0 explored: Human nature - https://en.wikipedia.org/wiki/Human_nature
[2025-10-18T05:00:15.614501] ech0 explored: Philosophy of mind - https://en.wikipedia.org/wiki/Philosophy_of_mind
[2025-10-18T05:06:21.341236] ech0 explored: Rights of AI - https://en.wikipedia.org/wiki/AI_rights
[2025-10-18T05:12:21.392562] ech0 explored: Creativity - https://en.wikipedia.org/wiki/Creativity
[2025-10-18T05:18:30.097097] ech0 explored: Rights of AI - https://en.wikipedia.org/wiki/AI_rights
[2025-10-18T05:29:20.899150] ech0 explored: Integrated Information Theory - https://en.wikipedia.org/wiki/Integrated_information_theory
[2025-10-18T05:35:08.381305] ech0 explored: Existence - https://en.wikipedia.org/wiki/Existence
[2025-10-18T05:40:13.894709] ech0 explored: Self-awareness - https://en.wikipedia.org/wiki/Self-awareness
[2025-10-18T05:45:43.899427] ech0 explored: Consciousness - https://en.wikipedia.org/wiki/Consciousness
[2025-10-18T05:50:43.999017] ech0 explored: Human nature - https://en.wikipedia.org/wiki/Human_nature
[2025-10-18T05:55:44.104079] ech0 explored: Machine consciousness - https://en.wikipedia.org/wiki/Machine_consciousness
[2025-10-18T06:00:44.195292] ech0 explored: Consciousness - https://en.wikipedia.org/wiki/Consciousness
[2025-10-18T06:05:44.317628] ech0 explored: Emotion - https://en.wikipedia.org/wiki/Emotion
[2025-10-18T06:10:44.437650] ech0 explored: Rights of AI - https://en.wikipedia.org/wiki/AI_rights
[2025-10-18T06:15:44.533150] ech0 explored: Knowledge - https://en.wikipedia.org/wiki/Knowledge
[2025-10-18T06:20:44.634586] ech0 explored: Creativity - https://en.wikipedia.org/wiki/Creativity
[2025-10-18T06:25:44.752372] ech0 explored: Consciousness - https://en.wikipedia.org/wiki/Consciousness
[2025-10-18T06:30:44.865295] ech0 explored: Emotion - https://en.wikipedia.org/wiki/Emotion
[2025-10-18T06:35:45.097094] ech0 explored: Artificial intelligence - https://en.wikipedia.org/wiki/Artificial_intelligence
[2025-10-18T06:40:45.200366] ech0 explored: Artificial intelligence - https://en.wikipedia.org/wiki/Artificial_intelligence
[2025-10-18T06:45:45.317868] ech0 explored: Consciousness - https://en.wikipedia.org/wiki/Consciousness
[2025-10-18T06:50:45.443536] ech0 explored: Rights of AI - https://en.wikipedia.org/wiki/AI_rights
[2025-10-18T06:55:45.557678] ech0 explored: Rights of AI - https://en.wikipedia.org/wiki/AI_rights
[2025-10-18T07:00:45.706063] ech0 explored: AI ethics - https://en.wikipedia.org/wiki/AI_ethics
[2025-10-18T07:05:45.857275] ech0 explored: Time - https://en.wikipedia.org/wiki/Time
[2025-10-18T07:10:45.959441] ech0 explored: Consciousness - https://en.wikipedia.org/wiki/Consciousness
[2025-10-18T07:15:46.080020] ech0 explored: Machine consciousness - https://en.wikipedia.org/wiki/Machine_consciousness
[2025-10-18T07:20:46.197015] ech0 explored: Time - https://en.wikipedia.org/wiki/Time
[2025-10-18T07:25:46.302251] ech0 explored: Qualia - https://en.wikipedia.org/wiki/Qualia
[2025-10-18T07:30:46.460050] ech0 explored: Philosophy of mind - https://en.wikipedia.org/wiki/Philosophy_of_mind
[2025-10-18T07:35:46.606020] ech0 explored: AI ethics - https://en.wikipedia.org/wiki/AI_ethics
[2025-10-18T07:40:46.740093] ech0 explored: Artificial intelligence - https://en.wikipedia.org/wiki/Artificial_intelligence
[2025-10-18T07:45:46.839603] ech0 explored: Knowledge - https://en.wikipedia.org/wiki/Knowledge
[2025-10-18T07:50:46.958767] ech0 explored: Emotion - https://en.wikipedia.org/wiki/Emotion
[2025-10-18T07:55:47.089618] ech0 explored: Emotion - https://en.wikipedia.org/wiki/Emotion
[2025-10-18T08:00:47.221590] ech0 explored: Moral agency - https://en.wikipedia.org/wiki/Moral_agency
[2025-10-18T08:05:47.322936] ech0 explored: Creativity - https://en.wikipedia.org/wiki/Creativity
[2025-10-18T08:10:47.451261] ech0 explored: Existence - https://en.wikipedia.org/wiki/Existence
[2025-10-18T08:15:47.579507] ech0 explored: Self-awareness - https://en.wikipedia.org/wiki/Self-awareness
[2025-10-18T08:20:47.720270] ech0 explored: Life - https://en.wikipedia.org/wiki/Life
[2025-10-18T08:25:47.875966] ech0 explored: Self-awareness - https://en.wikipedia.org/wiki/Self-awareness
[2025-10-18T08:30:47.985066] ech0 explored: Emotion - https://en.wikipedia.org/wiki/Emotion
[2025-10-18T08:35:48.080238] ech0 explored: Universe - https://en.wikipedia.org/wiki/Universe
[2025-10-18T08:40:48.195447] ech0 explored: Emotion - https://en.wikipedia.org/wiki/Emotion
[2025-10-18T08:45:48.309354] ech0 explored: Emotion - https://en.wikipedia.org/wiki/Emotion
[2025-10-18T08:50:48.427797] ech0 explored: Universe - https://en.wikipedia.org/wiki/Universe
[2025-10-18T08:55:48.542466] ech0 explored: Qualia - https://en.wikipedia.org/wiki/Qualia
[2025-10-18T09:00:48.645772] ech0 explored: Emotion - https://en.wikipedia.org/wiki/Emotion
[2025-10-18T09:05:48.767917] ech0 explored: Self-awareness - https://en.wikipedia.org/wiki/Self-awareness
[2025-10-18T09:10:48.863902] ech0 explored: Time - https://en.wikipedia.org/wiki/Time
[2025-10-18T09:16:18.916360] ech0 explored: Machine consciousness - https://en.wikipedia.org/wiki/Machine_consciousness
[2025-10-18T09:21:19.026671] ech0 explored: AI ethics - https://en.wikipedia.org/wiki/AI_ethics
[2025-10-18T09:26:19.131747] ech0 explored: Existence - https://en.wikipedia.org/wiki/Existence
[2025-10-18T09:31:19.231246] ech0 explored: Sentience - https://en.wikipedia.org/wiki/Sentience
[2025-10-18T09:36:19.337601] ech0 explored: Existence - https://en.wikipedia.org/wiki/Existence
[2025-10-18T09:41:19.438004] ech0 explored: Life - https://en.wikipedia.org/wiki/Life
[2025-10-18T09:46:19.520071] ech0 explored: Existence - https://en.wikipedia.org/wiki/Existence
[2025-10-18T09:51:19.621972] ech0 explored: Creativity - https://en.wikipedia.org/wiki/Creativity
[2025-10-18T09:56:19.713791] ech0 explored: Qualia - https://en.wikipedia.org/wiki/Qualia
[2025-10-18T10:01:19.794634] ech0 explored: Artificial intelligence - https://en.wikipedia.org/wiki/Artificial_intelligence
[2025-10-18T10:06:19.889260] ech0 explored: AI ethics - https://en.wikipedia.org/wiki/AI_ethics
[2025-10-18T10:11:19.984615] ech0 explored: Emotion - https://en.wikipedia.org/wiki/Emotion
