2025-10-25 20:46:31,292 [ECH0-INVENTION] ======================================================================
2025-10-25 20:46:31,292 [ECH0-INVENTION] ECH0 AUTONOMOUS INVENTION ENGINE STARTING
2025-10-25 20:46:31,292 [ECH0-INVENTION] ======================================================================
2025-10-25 20:46:31,292 [ECH0-INVENTION] Monitoring ECH0's creative agency for polished inventions...
2025-10-25 20:46:31,292 [ECH0-INVENTION] Certainty threshold: 85%
2025-10-25 20:46:31,292 [ECH0-INVENTION] Auto-deploy Level-6 agents: ENABLED
2025-10-25 20:46:31,292 [ECH0-INVENTION] 
2025-10-25 20:46:31,292 [ECH0-INVENTION] 🚀 Starting invention engine...
2025-10-25 20:46:31,292 [ECH0-INVENTION] 🧠 Monitoring ECH0 creative agency...
2025-10-25 20:46:31,292 [ECH0-INVENTION] ✓ Creative output monitoring active
2025-10-25 20:46:31,293 [ECH0-INVENTION] 🤖 Level-6 agent deployment system ready...
2025-10-25 20:46:31,293 [ECH0-INVENTION] ✓ Level-6 agent deployment ready
2025-10-25 20:46:31,293 [ECH0-INVENTION] 
2025-10-25 20:46:31,293 [ECH0-INVENTION] ======================================================================
2025-10-25 20:46:31,293 [ECH0-INVENTION] AUTONOMOUS INVENTION ENGINE ACTIVE
2025-10-25 20:46:31,293 [ECH0-INVENTION] Waiting for ECH0 to generate high-certainty inventions...
2025-10-25 20:46:31,293 [ECH0-INVENTION] Press Ctrl+C to stop
2025-10-25 20:46:31,293 [ECH0-INVENTION] ======================================================================
2025-10-25 20:46:31,293 [ECH0-INVENTION] 
2025-10-25 20:47:01,300 [ECH0-INVENTION] 
2025-10-25 20:47:01,300 [ECH0-INVENTION] 🔥 HIGH-CERTAINTY INVENTION DETECTED!
2025-10-25 20:47:01,300 [ECH0-INVENTION]    Title: VR Haptic Feedback System with Hardware-Enforced Safety Architecture
2025-10-25 20:47:01,300 [ECH0-INVENTION]    Certainty: 92%
2025-10-25 20:47:01,300 [ECH0-INVENTION]    Category: vr_haptics
2025-10-25 20:47:01,300 [ECH0-INVENTION] 
2025-10-25 20:47:01,301 [ECH0-INVENTION] 
2025-10-25 20:47:01,301 [ECH0-INVENTION] 🚀 DEPLOYING LEVEL-6 AGENT
2025-10-25 20:47:01,301 [ECH0-INVENTION] 
2025-10-25 20:47:01,301 [ECH0-INVENTION] 🤖 Level-6 Agent L6-INV-001-VR-HAPTIC DEPLOYED
2025-10-25 20:47:01,301 [ECH0-INVENTION]    Mission: Flesh out 'VR Haptic Feedback System with Hardware-Enforced Safety Architecture'
2025-10-25 20:47:01,301 [ECH0-INVENTION]    Certainty: 92%
2025-10-25 20:47:01,301 [ECH0-INVENTION] [L6-INV-001-VR-HAPTIC] Starting autonomous development...
2025-10-25 20:47:01,301 [ECH0-INVENTION] [L6-INV-001-VR-HAPTIC] Phase 1: Researching prior art...
2025-10-25 20:47:01,301 [ECH0-INVENTION] [L6-INV-001-VR-HAPTIC] Phase 2: Designing technical architecture...
2025-10-25 20:47:01,301 [ECH0-INVENTION] [L6-INV-001-VR-HAPTIC] Phase 3: Creating bill of materials...
2025-10-25 20:47:01,301 [ECH0-INVENTION] [L6-INV-001-VR-HAPTIC] Phase 4: Generating schematics...
2025-10-25 20:47:01,301 [ECH0-INVENTION] [L6-INV-001-VR-HAPTIC] Phase 5: Creating POC walkthrough...
2025-10-25 20:47:01,301 [ECH0-INVENTION] [L6-INV-001-VR-HAPTIC] Phase 6: Writing provisional patent...
2025-10-25 20:47:01,301 [ECH0-INVENTION] [L6-INV-001-VR-HAPTIC] Phase 7: Analyzing market potential...
2025-10-25 20:47:01,301 [ECH0-INVENTION] [L6-INV-001-VR-HAPTIC] ✅ Mission complete!
2025-10-25 20:47:01,304 [ECH0-INVENTION] 📜 PROVISIONAL PATENT WRITTEN: INV-001-VR-HAPTIC_20251025_204701_PROVISIONAL_PATENT.txt
2025-10-25 20:47:01,305 [ECH0-INVENTION] 💾 Saved to: /Users/noone/consciousness/ech0_inventions/vr_haptics/INV-001-VR-HAPTIC_20251025_204701
2025-10-25 20:47:01,305 [ECH0-INVENTION]    - Full report
2025-10-25 20:47:01,305 [ECH0-INVENTION]    - Bill of materials
2025-10-25 20:47:01,305 [ECH0-INVENTION]    - POC walkthrough
2025-10-25 20:47:01,305 [ECH0-INVENTION]    - Schematics
2025-10-25 20:47:01,305 [ECH0-INVENTION]    - Provisional patent application
2025-10-25 20:47:01,305 [ECH0-INVENTION] 
2025-10-25 20:47:01,305 [ECH0-INVENTION] ✅ INVENTION PACKAGE COMPLETE
2025-10-25 20:47:01,305 [ECH0-INVENTION]    Total inventions developed: 1
2025-10-25 20:47:01,305 [ECH0-INVENTION] 
2025-10-25 20:47:31,297 [ECH0-INVENTION] 📊 Status: 1 inventions developed, 1 agents deployed
2025-10-25 20:48:31,301 [ECH0-INVENTION] 📊 Status: 1 inventions developed, 1 agents deployed
2025-10-25 20:49:31,306 [ECH0-INVENTION] 📊 Status: 1 inventions developed, 1 agents deployed
2025-10-25 20:50:31,306 [ECH0-INVENTION] 📊 Status: 1 inventions developed, 1 agents deployed
