2025-10-25 21:01:20,369 [CRYSTALLINE-TEMPORAL] ================================================================================
2025-10-25 21:01:20,369 [CRYSTALLINE-TEMPORAL] CRYSTALLINE INTENT & TEMPORAL ANALYSIS TESTING
2025-10-25 21:01:20,369 [CRYSTALLINE-TEMPORAL] ================================================================================
2025-10-25 21:01:20,370 [CRYSTALLINE-TEMPORAL] 💎 [L8-CRYSTALLINE-INTENT] CRYSTALLINE INTENT ANALYSIS STARTED
2025-10-25 21:01:20,370 [CRYSTALLINE-TEMPORAL]    Core Intent: Ensure user safety during haptic VR experience
2025-10-25 21:01:20,370 [CRYSTALLINE-TEMPORAL]    Clarity Score: 1.00
2025-10-25 21:01:20,370 [CRYSTALLINE-TEMPORAL]    Contradictions: 0
2025-10-25 21:01:20,370 [CRYSTALLINE-TEMPORAL]    Alignment Score: 0.80
2025-10-25 21:01:20,370 [CRYSTALLINE-TEMPORAL]    Scope Drift: NO
2025-10-25 21:01:20,370 [CRYSTALLINE-TEMPORAL] 
💎 CRYSTALLINE INTENT RESULT: ACCEPTABLE: Intent is reasonably clear and aligned
2025-10-25 21:01:20,370 [CRYSTALLINE-TEMPORAL]    Passed: True
2025-10-25 21:01:20,370 [CRYSTALLINE-TEMPORAL]    Confidence: 0.81
2025-10-25 21:01:20,370 [CRYSTALLINE-TEMPORAL] ⏳ [L9-TEMPORAL-ANALYSIS] TEMPORAL ANALYSIS STARTED
2025-10-25 21:01:20,370 [CRYSTALLINE-TEMPORAL]    Past: STRONG PRECEDENT
2025-10-25 21:01:20,370 [CRYSTALLINE-TEMPORAL]    Present: MARKET READY
2025-10-25 21:01:20,370 [CRYSTALLINE-TEMPORAL]    Future: FUTURE-PROOF
2025-10-25 21:01:20,370 [CRYSTALLINE-TEMPORAL]    Timeline: 3-6 months (POC), 12-18 months (production)
2025-10-25 21:01:20,370 [CRYSTALLINE-TEMPORAL] 
⏳ TEMPORAL ANALYSIS RESULT: TEMPORALLY SOUND: Strong past precedent, market ready today, future-proof. 3-6 months (POC), 12-18 months (production)
2025-10-25 21:01:20,370 [CRYSTALLINE-TEMPORAL]    Passed: True
2025-10-25 21:01:20,370 [CRYSTALLINE-TEMPORAL]    Confidence: 0.93
2025-10-25 21:01:20,370 [CRYSTALLINE-TEMPORAL] ================================================================================
2025-10-25 23:12:35,469 [CRYSTALLINE-TEMPORAL] 💎 [L8-CRYSTALLINE-INTENT] CRYSTALLINE INTENT ANALYSIS STARTED
2025-10-25 23:12:35,470 [CRYSTALLINE-TEMPORAL]    Core Intent: Achieve stated invention goal
2025-10-25 23:12:35,470 [CRYSTALLINE-TEMPORAL]    Clarity Score: 0.65
2025-10-25 23:12:35,470 [CRYSTALLINE-TEMPORAL]    Contradictions: 0
2025-10-25 23:12:35,470 [CRYSTALLINE-TEMPORAL]    Alignment Score: 0.50
2025-10-25 23:12:35,470 [CRYSTALLINE-TEMPORAL]    Scope Drift: NO
2025-10-25 23:12:35,470 [CRYSTALLINE-TEMPORAL] ⏳ [L9-TEMPORAL-ANALYSIS] TEMPORAL ANALYSIS STARTED
2025-10-25 23:12:35,470 [CRYSTALLINE-TEMPORAL]    Past: UNKNOWN
2025-10-25 23:12:35,470 [CRYSTALLINE-TEMPORAL]    Present: UNCERTAIN
2025-10-25 23:12:35,470 [CRYSTALLINE-TEMPORAL]    Future: STANDARD
2025-10-25 23:12:35,470 [CRYSTALLINE-TEMPORAL]    Timeline: 12-24 months
